e:\babeteam\projects\uiteam\misc\customerservice\mqtt\proj.win32\mqtt\release\vc120.pdb
e:\babeteam\projects\uiteam\misc\customerservice\mqtt\proj.win32\mqtt\release\main.obj
e:\babeteam\projects\uiteam\misc\customerservice\mqtt\proj.win32\mqtt\release\json_writer.obj
e:\babeteam\projects\uiteam\misc\customerservice\mqtt\proj.win32\mqtt\release\json_value.obj
e:\babeteam\projects\uiteam\misc\customerservice\mqtt\proj.win32\mqtt\release\json_reader.obj
e:\babeteam\projects\uiteam\misc\customerservice\mqtt\proj.win32\mqtt\release\boyim.pb.obj
e:\babeteam\projects\uiteam\misc\customerservice\mqtt\proj.win32\mqtt\release\utf-8.obj
e:\babeteam\projects\uiteam\misc\customerservice\mqtt\proj.win32\mqtt\release\tree.obj
e:\babeteam\projects\uiteam\misc\customerservice\mqtt\proj.win32\mqtt\release\thread.obj
e:\babeteam\projects\uiteam\misc\customerservice\mqtt\proj.win32\mqtt\release\stacktrace.obj
e:\babeteam\projects\uiteam\misc\customerservice\mqtt\proj.win32\mqtt\release\sslsocket.obj
e:\babeteam\projects\uiteam\misc\customerservice\mqtt\proj.win32\mqtt\release\socketbuffer.obj
e:\babeteam\projects\uiteam\misc\customerservice\mqtt\proj.win32\mqtt\release\socket.obj
e:\babeteam\projects\uiteam\misc\customerservice\mqtt\proj.win32\mqtt\release\mqttversion.obj
e:\babeteam\projects\uiteam\misc\customerservice\mqtt\proj.win32\mqtt\release\mqttprotocolout.obj
e:\babeteam\projects\uiteam\misc\customerservice\mqtt\proj.win32\mqtt\release\mqttprotocolclient.obj
e:\babeteam\projects\uiteam\misc\customerservice\mqtt\proj.win32\mqtt\release\mqttpersistencedefault.obj
e:\babeteam\projects\uiteam\misc\customerservice\mqtt\proj.win32\mqtt\release\mqttpersistence.obj
e:\babeteam\projects\uiteam\misc\customerservice\mqtt\proj.win32\mqtt\release\mqttpacketout.obj
e:\babeteam\projects\uiteam\misc\customerservice\mqtt\proj.win32\mqtt\release\mqttpacket.obj
e:\babeteam\projects\uiteam\misc\customerservice\mqtt\proj.win32\mqtt\release\mqttasync.obj
e:\babeteam\projects\uiteam\misc\customerservice\mqtt\proj.win32\mqtt\release\messages.obj
e:\babeteam\projects\uiteam\misc\customerservice\mqtt\proj.win32\mqtt\release\log.obj
e:\babeteam\projects\uiteam\misc\customerservice\mqtt\proj.win32\mqtt\release\linkedlist.obj
e:\babeteam\projects\uiteam\misc\customerservice\mqtt\proj.win32\mqtt\release\heap.obj
e:\babeteam\projects\uiteam\misc\customerservice\mqtt\proj.win32\mqtt\release\clients.obj
e:\babeteam\projects\uiteam\misc\customerservice\mqtt_demo\win32player\mqtt.dll
e:\babeteam\projects\uiteam\misc\customerservice\mqtt_demo\win32player\mqtt.pdb
e:\babeteam\projects\uiteam\misc\customerservice\mqtt_demo\win32player\mqtt.lib
e:\babeteam\projects\uiteam\misc\customerservice\mqtt_demo\win32player\mqtt.exp
e:\babeteam\projects\uiteam\misc\customerservice\mqtt\proj.win32\..\..\mqtt_demo\win32player\mqtt.pdb
e:\babeteam\projects\uiteam\misc\customerservice\mqtt\proj.win32\..\..\mqtt_demo\win32player\mqtt.dll
e:\babeteam\projects\uiteam\misc\customerservice\mqtt\proj.win32\mqtt\release\mqtt.tlog\cl.command.1.tlog
e:\babeteam\projects\uiteam\misc\customerservice\mqtt\proj.win32\mqtt\release\mqtt.tlog\cl.read.1.tlog
e:\babeteam\projects\uiteam\misc\customerservice\mqtt\proj.win32\mqtt\release\mqtt.tlog\cl.write.1.tlog
e:\babeteam\projects\uiteam\misc\customerservice\mqtt\proj.win32\mqtt\release\mqtt.tlog\link.command.1.tlog
e:\babeteam\projects\uiteam\misc\customerservice\mqtt\proj.win32\mqtt\release\mqtt.tlog\link.read.1.tlog
e:\babeteam\projects\uiteam\misc\customerservice\mqtt\proj.win32\mqtt\release\mqtt.tlog\link.write.1.tlog
e:\babeteam\projects\uiteam\misc\customerservice\mqtt\proj.win32\mqtt\release\mqtt.tlog\mqtt.write.1u.tlog
