e:\babeteam\projects\uiteam\misc\customerservice\kefu_yuyin\proj.win32\kefu_yuyin\debug\vc120.pdb
e:\babeteam\projects\uiteam\misc\customerservice\kefu_yuyin\proj.win32\kefu_yuyin\debug\vc120.idb
e:\babeteam\projects\uiteam\misc\customerservice\kefu_yuyin\proj.win32\kefu_yuyin\debug\byaudio_speex.obj
e:\babeteam\projects\uiteam\misc\customerservice\kefu_yuyin\proj.win32\kefu_yuyin\debug\byaudio_wave_header.obj
e:\babeteam\projects\uiteam\misc\customerservice\kefu_yuyin\proj.win32\kefu_yuyin\debug\main.obj
e:\babeteam\projects\uiteam\misc\customerservice\mqtt_demo\win32player\kefu_yuyin.lib
e:\babeteam\projects\uiteam\misc\customerservice\mqtt_demo\win32player\kefu_yuyin.exp
e:\babeteam\projects\uiteam\misc\customerservice\mqtt_demo\win32player\kefu_yuyin.ilk
e:\babeteam\projects\uiteam\misc\customerservice\mqtt_demo\win32player\kefu_yuyin.dll
e:\babeteam\projects\uiteam\misc\customerservice\mqtt_demo\win32player\kefu_yuyin.pdb
e:\babeteam\projects\uiteam\misc\customerservice\kefu_yuyin\proj.win32\..\..\mqtt_demo\win32player\kefu_yuyin.pdb
e:\babeteam\projects\uiteam\misc\customerservice\kefu_yuyin\proj.win32\..\..\mqtt_demo\win32player\kefu_yuyin.dll
e:\babeteam\projects\uiteam\misc\customerservice\kefu_yuyin\proj.win32\..\..\mqtt_demo\win32player\kefu_yuyin.ilk
e:\babeteam\projects\uiteam\misc\customerservice\kefu_yuyin\proj.win32\kefu_yuyin\debug\kefu_yuyin.tlog\cl.command.1.tlog
e:\babeteam\projects\uiteam\misc\customerservice\kefu_yuyin\proj.win32\kefu_yuyin\debug\kefu_yuyin.tlog\cl.read.1.tlog
e:\babeteam\projects\uiteam\misc\customerservice\kefu_yuyin\proj.win32\kefu_yuyin\debug\kefu_yuyin.tlog\cl.write.1.tlog
e:\babeteam\projects\uiteam\misc\customerservice\kefu_yuyin\proj.win32\kefu_yuyin\debug\kefu_yuyin.tlog\kefu_yuyin.write.1u.tlog
e:\babeteam\projects\uiteam\misc\customerservice\kefu_yuyin\proj.win32\kefu_yuyin\debug\kefu_yuyin.tlog\link.command.1.tlog
e:\babeteam\projects\uiteam\misc\customerservice\kefu_yuyin\proj.win32\kefu_yuyin\debug\kefu_yuyin.tlog\link.read.1.tlog
e:\babeteam\projects\uiteam\misc\customerservice\kefu_yuyin\proj.win32\kefu_yuyin\debug\kefu_yuyin.tlog\link.write.1.tlog
